d:\code\netservice\httpservice\debug\vc141.pdb
d:\code\netservice\httpservice\debug\vc141.idb
d:\code\netservice\httpservice\debug\cjson_utils.obj
d:\code\netservice\httpservice\debug\cjson.obj
d:\code\netservice\httpservice\debug\http_response.obj
d:\code\netservice\httpservice\debug\http_request.obj
d:\code\netservice\httpservice\debug\util.obj
d:\code\netservice\httpservice\debug\http_service_impl.obj
d:\code\netservice\httpservice\debug\http_service.obj
d:\code\netservice\httpservice\debug\log.obj
d:\code\netservice\httpservice\debug\json.obj
d:\code\netservice\debug\httpservice.lib
d:\code\netservice\debug\httpservice.exp
d:\code\netservice\debug\httpservice.ilk
d:\code\netservice\debug\httpservice.dll
d:\code\netservice\debug\httpservice.pdb
d:\code\netservice\httpservice\debug\httpservice.tlog\cl.command.1.tlog
d:\code\netservice\httpservice\debug\httpservice.tlog\cl.read.1.tlog
d:\code\netservice\httpservice\debug\httpservice.tlog\cl.write.1.tlog
d:\code\netservice\httpservice\debug\httpservice.tlog\httpservice.write.1u.tlog
d:\code\netservice\httpservice\debug\httpservice.tlog\link.command.1.tlog
d:\code\netservice\httpservice\debug\httpservice.tlog\link.read.1.tlog
d:\code\netservice\httpservice\debug\httpservice.tlog\link.write.1.tlog
