d:\code\netservice\httpservice\x64\release\vc141.pdb
d:\code\netservice\httpservice\x64\release\util.obj
d:\code\netservice\httpservice\x64\release\log.obj
d:\code\netservice\httpservice\x64\release\http_service_impl.obj
d:\code\netservice\httpservice\x64\release\http_service.obj
d:\code\netservice\httpservice\x64\release\http_response.obj
d:\code\netservice\httpservice\x64\release\http_request.obj
d:\code\netservice\httpservice\x64\release\http_object.obj
d:\code\netservice\x64\release\httpservice.lib
d:\code\netservice\x64\release\httpservice.exp
d:\code\netservice\x64\release\httpservice.ipdb
d:\code\netservice\x64\release\httpservice.iobj
d:\code\netservice\x64\release\httpservice.dll
d:\code\netservice\x64\release\httpservice.pdb
d:\code\netservice\httpservice\x64\release\httpservice.tlog\cl.command.1.tlog
d:\code\netservice\httpservice\x64\release\httpservice.tlog\cl.read.1.tlog
d:\code\netservice\httpservice\x64\release\httpservice.tlog\cl.write.1.tlog
d:\code\netservice\httpservice\x64\release\httpservice.tlog\httpservice.write.1u.tlog
d:\code\netservice\httpservice\x64\release\httpservice.tlog\link.command.1.tlog
d:\code\netservice\httpservice\x64\release\httpservice.tlog\link.delete.1.tlog
d:\code\netservice\httpservice\x64\release\httpservice.tlog\link.read.1.tlog
d:\code\netservice\httpservice\x64\release\httpservice.tlog\link.write.1.tlog
