  log.cpp
d:\code\netservice\include\log\log.cpp(140): warning C4996: 'localtime': This function or variable may be unsafe. Consider using localtime_s instead. To disable deprecation, use _CRT_SECURE_NO_WARNINGS. See online help for details.
  c:\program files (x86)\windows kits\10\include\10.0.17763.0\ucrt\time.h(506): note: 参见“localtime”的声明
d:\code\netservice\include\log\log.cpp(148): warning C4996: 'localtime': This function or variable may be unsafe. Consider using localtime_s instead. To disable deprecation, use _CRT_SECURE_NO_WARNINGS. See online help for details.
  c:\program files (x86)\windows kits\10\include\10.0.17763.0\ucrt\time.h(506): note: 参见“localtime”的声明
d:\code\netservice\include\log\log.cpp(228): warning C4996: 'sprintf': This function or variable may be unsafe. Consider using sprintf_s instead. To disable deprecation, use _CRT_SECURE_NO_WARNINGS. See online help for details.
  c:\program files (x86)\windows kits\10\include\10.0.17763.0\ucrt\stdio.h(1774): note: 参见“sprintf”的声明
  tcp_service_impl.cpp
  Please define _WIN32_WINNT or _WIN32_WINDOWS appropriately. For example:
  - add -D_WIN32_WINNT=0x0501 to the compiler command line; or
  - add _WIN32_WINNT=0x0501 to your project's Preprocessor Definitions.
  Assuming _WIN32_WINNT=0x0501 (i.e. Windows XP target).
d:\code\netservice\tcpservice\src\tcp_service_impl.cpp(102): warning C4267: “参数”: 从“size_t”转换到“int”，可能丢失数据
  tcp_link.cpp
  Please define _WIN32_WINNT or _WIN32_WINDOWS appropriately. For example:
  - add -D_WIN32_WINNT=0x0501 to the compiler command line; or
  - add _WIN32_WINNT=0x0501 to your project's Preprocessor Definitions.
  Assuming _WIN32_WINNT=0x0501 (i.e. Windows XP target).
d:\code\netservice\tcpservice\src\tcp_link.cpp(59): warning C4267: “参数”: 从“size_t”转换到“int”，可能丢失数据
d:\code\netservice\tcpservice\src\tcp_link.cpp(93): warning C4267: “初始化”: 从“size_t”转换到“int”，可能丢失数据
  tcp_server.cpp
  Please define _WIN32_WINNT or _WIN32_WINDOWS appropriately. For example:
  - add -D_WIN32_WINNT=0x0501 to the compiler command line; or
  - add _WIN32_WINNT=0x0501 to your project's Preprocessor Definitions.
  Assuming _WIN32_WINNT=0x0501 (i.e. Windows XP target).
  tcp_service.cpp
  Please define _WIN32_WINNT or _WIN32_WINDOWS appropriately. For example:
  - add -D_WIN32_WINNT=0x0501 to the compiler command line; or
  - add _WIN32_WINNT=0x0501 to your project's Preprocessor Definitions.
  Assuming _WIN32_WINNT=0x0501 (i.e. Windows XP target).
    正在创建库 D:\code\NetService\x64\Release\TCPSERVICE.lib 和对象 D:\code\NetService\x64\Release\TCPSERVICE.exp
  正在生成代码
  All 2851 functions were compiled because no usable IPDB/IOBJ from previous compilation was found.
  已完成代码的生成
  TCPService.vcxproj -> D:\code\NetService\x64\Release\TCPSERVICE.dll
